Exception in thread Thread-21 (_handle_results):
Traceback (most recent call last):
  File "/home/qiulab/.conda/envs/mamba/envs/maeva_env/lib/python3.10/threading.py", line 1016, in _bootstrap_inner
    self.run()
  File "/home/qiulab/.conda/envs/mamba/envs/maeva_env/lib/python3.10/threading.py", line 953, in run
    self._target(*self._args, **self._kwargs)
  File "/home/qiulab/.conda/envs/mamba/envs/maeva_env/lib/python3.10/multiprocessing/pool.py", line 579, in _handle_results
    task = get()
  File "/home/qiulab/.conda/envs/mamba/envs/maeva_env/lib/python3.10/multiprocessing/connection.py", line 250, in recv
    buf = self._recv_bytes()
  File "/home/qiulab/.conda/envs/mamba/envs/maeva_env/lib/python3.10/multiprocessing/connection.py", line 421, in _recv_bytes
    return self._recv(size)
  File "/home/qiulab/.conda/envs/mamba/envs/maeva_env/lib/python3.10/multiprocessing/connection.py", line 379, in _recv
    chunk = read(handle, remaining)
MemoryError
run_scaling_up_investigation.sh: line 6: 193434 Terminated              python /home/qiulab/data/CRF_project/work/Modeling_trophosome/notebooks/Scaling_up_investigation_job.py --out_dir /home/qiulab/data/CRF_project/scratch/Modeling_trophosome/Scaling_ip_investigation --test_name toy_example1_${N_WORMS}worms_${CPUS}cpus --n_worms $N_WORMS --cpus $CPUS
Process ForkPoolWorker-65:
Process ForkPoolWorker-63:
Process ForkPoolWorker-66:
Traceback (most recent call last):
Traceback (most recent call last):
Traceback (most recent call last):
  File "/home/qiulab/.conda/envs/mamba/envs/maeva_env/lib/python3.10/multiprocessing/pool.py", line 131, in worker
    put((job, i, result))
  File "/home/qiulab/.conda/envs/mamba/envs/maeva_env/lib/python3.10/multiprocessing/pool.py", line 131, in worker
    put((job, i, result))
  File "/home/qiulab/.conda/envs/mamba/envs/maeva_env/lib/python3.10/multiprocessing/queues.py", line 371, in put
    obj = _ForkingPickler.dumps(obj)
  File "/home/qiulab/.conda/envs/mamba/envs/maeva_env/lib/python3.10/multiprocessing/queues.py", line 371, in put
    obj = _ForkingPickler.dumps(obj)
  File "/home/qiulab/.conda/envs/mamba/envs/maeva_env/lib/python3.10/multiprocessing/reduction.py", line 51, in dumps
    cls(buf, protocol).dump(obj)
  File "/home/qiulab/.conda/envs/mamba/envs/maeva_env/lib/python3.10/multiprocessing/reduction.py", line 51, in dumps
    cls(buf, protocol).dump(obj)
  File "/home/qiulab/.conda/envs/mamba/envs/maeva_env/lib/python3.10/multiprocessing/pool.py", line 131, in worker
    put((job, i, result))
MemoryError
MemoryError
  File "/home/qiulab/.conda/envs/mamba/envs/maeva_env/lib/python3.10/multiprocessing/queues.py", line 371, in put
    obj = _ForkingPickler.dumps(obj)

During handling of the above exception, another exception occurred:

  File "/home/qiulab/.conda/envs/mamba/envs/maeva_env/lib/python3.10/multiprocessing/reduction.py", line 51, in dumps
    cls(buf, protocol).dump(obj)

During handling of the above exception, another exception occurred:

Traceback (most recent call last):
Traceback (most recent call last):
MemoryError

During handling of the above exception, another exception occurred:

Traceback (most recent call last):
  File "/home/qiulab/.conda/envs/mamba/envs/maeva_env/lib/python3.10/multiprocessing/process.py", line 314, in _bootstrap
    self.run()
  File "/home/qiulab/.conda/envs/mamba/envs/maeva_env/lib/python3.10/multiprocessing/process.py", line 314, in _bootstrap
    self.run()
  File "/home/qiulab/.conda/envs/mamba/envs/maeva_env/lib/python3.10/multiprocessing/process.py", line 108, in run
    self._target(*self._args, **self._kwargs)
  File "/home/qiulab/.conda/envs/mamba/envs/maeva_env/lib/python3.10/multiprocessing/process.py", line 108, in run
    self._target(*self._args, **self._kwargs)
  File "/home/qiulab/.conda/envs/mamba/envs/maeva_env/lib/python3.10/multiprocessing/pool.py", line 136, in worker
    put((job, i, (False, wrapped)))
  File "/home/qiulab/.conda/envs/mamba/envs/maeva_env/lib/python3.10/multiprocessing/pool.py", line 136, in worker
    put((job, i, (False, wrapped)))
  File "/home/qiulab/.conda/envs/mamba/envs/maeva_env/lib/python3.10/multiprocessing/queues.py", line 377, in put
    self._writer.send_bytes(obj)
  File "/home/qiulab/.conda/envs/mamba/envs/maeva_env/lib/python3.10/multiprocessing/queues.py", line 377, in put
    self._writer.send_bytes(obj)
  File "/home/qiulab/.conda/envs/mamba/envs/maeva_env/lib/python3.10/multiprocessing/process.py", line 314, in _bootstrap
    self.run()
  File "/home/qiulab/.conda/envs/mamba/envs/maeva_env/lib/python3.10/multiprocessing/connection.py", line 200, in send_bytes
    self._send_bytes(m[offset:offset + size])
  File "/home/qiulab/.conda/envs/mamba/envs/maeva_env/lib/python3.10/multiprocessing/connection.py", line 200, in send_bytes
    self._send_bytes(m[offset:offset + size])
  File "/home/qiulab/.conda/envs/mamba/envs/maeva_env/lib/python3.10/multiprocessing/process.py", line 108, in run
    self._target(*self._args, **self._kwargs)
  File "/home/qiulab/.conda/envs/mamba/envs/maeva_env/lib/python3.10/multiprocessing/connection.py", line 404, in _send_bytes
    self._send(header)
  File "/home/qiulab/.conda/envs/mamba/envs/maeva_env/lib/python3.10/multiprocessing/connection.py", line 405, in _send_bytes
    self._send(buf)
  File "/home/qiulab/.conda/envs/mamba/envs/maeva_env/lib/python3.10/multiprocessing/pool.py", line 136, in worker
    put((job, i, (False, wrapped)))
  File "/home/qiulab/.conda/envs/mamba/envs/maeva_env/lib/python3.10/multiprocessing/connection.py", line 368, in _send
    n = write(self._handle, buf)
  File "/home/qiulab/.conda/envs/mamba/envs/maeva_env/lib/python3.10/multiprocessing/connection.py", line 368, in _send
    n = write(self._handle, buf)
  File "/home/qiulab/.conda/envs/mamba/envs/maeva_env/lib/python3.10/multiprocessing/queues.py", line 377, in put
    self._writer.send_bytes(obj)
BrokenPipeError: [Errno 32] Broken pipe
  File "/home/qiulab/.conda/envs/mamba/envs/maeva_env/lib/python3.10/multiprocessing/connection.py", line 200, in send_bytes
    self._send_bytes(m[offset:offset + size])
BrokenPipeError: [Errno 32] Broken pipe
  File "/home/qiulab/.conda/envs/mamba/envs/maeva_env/lib/python3.10/multiprocessing/connection.py", line 404, in _send_bytes
    self._send(header)
  File "/home/qiulab/.conda/envs/mamba/envs/maeva_env/lib/python3.10/multiprocessing/connection.py", line 368, in _send
    n = write(self._handle, buf)
BrokenPipeError: [Errno 32] Broken pipe
run_scaling_up_investigation.sh: line 7: {CPUS}cpus: command not found
